<?xml version="1.0" encoding="UTF-8"?>
<!-- Generated by org.testng.reporters.JUnitXMLReporter -->
<testsuite ignored="12" hostname="Rudra-Heart" failures="0" tests="4" name="Tests_on_Emulator_Pixel_2" time="141.93" errors="0" timestamp="2023-07-31T10:49:21 IST">
  <testcase classname="com.appium.tests.LoginTests" name="successfulLogin" time="42.828"/>
  <testcase classname="com.appium.tests.CompanySettingsTests" name="UpdateComapnyAbout" time="33.728"/>
  <testcase classname="com.appium.tests.MyCompanyTests" name="checkUpdateComapnyAbout" time="1.812"/>
  <testcase classname="com.appium.tests.LogoutTests" name="logOutApplication" time="0.181"/>
  <testcase classname="com.appium.base.BaseTestMobile" name="@BeforeTest beforeTest" time="0.0">
    <ignored/>
  </testcase> <!-- @BeforeTest beforeTest -->
  <testcase classname="com.appium.base.BaseTestMobile" name="@BeforeTest beforeTest" time="0.0">
    <ignored/>
  </testcase> <!-- @BeforeTest beforeTest -->
  <testcase classname="com.appium.base.BaseTestMobile" name="@BeforeTest beforeTest" time="0.0">
    <ignored/>
  </testcase> <!-- @BeforeTest beforeTest -->
  <testcase classname="com.appium.base.BaseTestMobile" name="@BeforeSuite beforeSuite" time="0.0">
    <ignored/>
  </testcase> <!-- @BeforeSuite beforeSuite -->
  <testcase classname="com.appium.base.BaseTestMobile" name="@BeforeSuite beforeSuite" time="0.0">
    <ignored/>
  </testcase> <!-- @BeforeSuite beforeSuite -->
  <testcase classname="com.appium.base.BaseTestMobile" name="@BeforeSuite beforeSuite" time="0.0">
    <ignored/>
  </testcase> <!-- @BeforeSuite beforeSuite -->
  <testcase classname="com.appium.base.BaseTestMobile" name="@AfterTest afterTest" time="0.0">
    <ignored/>
  </testcase> <!-- @AfterTest afterTest -->
  <testcase classname="com.appium.base.BaseTestMobile" name="@AfterTest afterTest" time="0.0">
    <ignored/>
  </testcase> <!-- @AfterTest afterTest -->
  <testcase classname="com.appium.base.BaseTestMobile" name="@AfterTest afterTest" time="0.0">
    <ignored/>
  </testcase> <!-- @AfterTest afterTest -->
  <testcase classname="com.appium.base.BaseTestMobile" name="@AfterSuite afterSuite" time="0.0">
    <ignored/>
  </testcase> <!-- @AfterSuite afterSuite -->
  <testcase classname="com.appium.base.BaseTestMobile" name="@AfterSuite afterSuite" time="0.0">
    <ignored/>
  </testcase> <!-- @AfterSuite afterSuite -->
  <testcase classname="com.appium.base.BaseTestMobile" name="@AfterSuite afterSuite" time="0.0">
    <ignored/>
  </testcase> <!-- @AfterSuite afterSuite -->
</testsuite> <!-- Tests_on_Emulator_Pixel_2 -->
